keyword:int
operator:*
identifier:malloc
operator:(
keyword:unsigned
keyword:long
identifier:n
operator:)
operator:;
keyword:int
identifier:main
operator:(
keyword:void
operator:)
operator:{
keyword:int
identifier:n
operator:;
keyword:int
operator:*
identifier:p
operator:;
identifier:n
operator:=
int:10
operator:;
identifier:p
operator:=
identifier:malloc
operator:(
keyword:sizeof
operator:(
keyword:int
operator:)
operator:*
identifier:n
operator:)
operator:;
keyword:while
operator:(
operator:--
identifier:n
operator:)
operator:*
identifier:p
operator:++
operator:=
int:0
operator:;
operator:}
