keyword:int
identifier:printf
operator:(
operator:)
operator:;
keyword:int
identifier:main
operator:(
keyword:void
operator:)
operator:{
keyword:long
identifier:i
operator:,
identifier:n
operator:,
identifier:sum
operator:;
identifier:i
operator:=
int:0
operator:;
identifier:sum
operator:=
long:0l
operator:;
identifier:n
operator:=
long:10L
operator:;
keyword:while
operator:(
identifier:i
operator:<=
identifier:n
operator:)
operator:{
identifier:sum
operator:=
identifier:sum
operator:+
identifier:i
operator:;
identifier:i
operator:=
identifier:i
operator:+
int:1
operator:;
operator:}
identifier:printf
operator:(
string:"%ld %ld\n"
operator:,
identifier:sum
operator:,
identifier:n
operator:*
operator:(
identifier:n
operator:+
int:1
operator:)
operator:/
int:2
operator:)
operator:;
operator:}
